[2012-07-04 21-41-15] PHP Strict standards: Declaration of Nette\Application\WsApplication::run() should be compatible with Nette\Application\Application::run() in H:\inetpub\nette-websocket\app\services\WsApplication.php:11  @  cli: app/ws.php
[2012-07-04 21-41-15] Nette\InvalidStateException: Cannot send header after HTTP headers have been sent (output started at H:\inetpub\nette-websocket\app\services\WsApplication.php:89). in H:\inetpub\nette-websocket\vendor\nette\nette\Nette\Http\Response.php:104  @  cli: app/ws.php  @@  exception-2012-07-04-21-41-15-08c2c438213572e8245c17281b4f12b6.html
[2012-07-04 21-41-15] PHP Warning: require(H:\inetpub\nette-websocket\app\services/templates/error.phtml): failed to open stream: No such file or directory in H:\inetpub\nette-websocket\app\services\WsApplication.php:172  @  cli: app/ws.php
[2012-07-04 21-41-15] Fatal error: require(): Failed opening required 'H:\inetpub\nette-websocket\app\services/templates/error.phtml' (include_path='.;C:\php\pear') in H:\inetpub\nette-websocket\app\services\WsApplication.php:172  @  cli: app/ws.php  @@  exception-2012-07-04-21-41-15-37b84bac5377a7353c2615026f68a52c.html
[2012-07-04 21-42-24] PHP Strict standards: Declaration of Nette\Application\WsApplication::run() should be compatible with Nette\Application\Application::run() in H:\inetpub\nette-websocket\app\services\WsApplication.php:11  @  cli: app/ws.php
[2012-07-04 21-42-24] Nette\InvalidStateException: Cannot send header after HTTP headers have been sent (output started at H:\inetpub\nette-websocket\app\services\WsApplication.php:89). in H:\inetpub\nette-websocket\vendor\nette\nette\Nette\Http\Response.php:104  @  cli: app/ws.php  @@  exception-2012-07-04-21-42-24-8e888e4b6935df39748295c112dfb710.html
[2012-07-04 21-42-24] PHP Warning: require(H:\inetpub\nette-websocket\app\services/templates/error.phtml): failed to open stream: No such file or directory in H:\inetpub\nette-websocket\app\services\WsApplication.php:172  @  cli: app/ws.php
[2012-07-04 21-42-24] Fatal error: require(): Failed opening required 'H:\inetpub\nette-websocket\app\services/templates/error.phtml' (include_path='.;C:\php\pear') in H:\inetpub\nette-websocket\app\services\WsApplication.php:172  @  cli: app/ws.php  @@  exception-2012-07-04-21-41-15-37b84bac5377a7353c2615026f68a52c.html
[2012-07-04 21-44-09] PHP Strict standards: Declaration of Nette\Application\WsApplication::run() should be compatible with Nette\Application\Application::run() in H:\inetpub\nette-websocket\app\services\WsApplication.php:11  @  cli: app/ws.php
[2012-07-04 21-44-26] Nette\InvalidStateException: Cannot send header after HTTP headers have been sent (output started at H:\inetpub\nette-websocket\app\services\Controller.php:64). in H:\inetpub\nette-websocket\vendor\nette\nette\Nette\Http\Response.php:104  @  cli: app/ws.php  @@  exception-2012-07-04-21-44-26-ca758f4b3f503ff7986eed5727f31463.html
[2012-07-04 21-44-26] PHP Warning: require(H:\inetpub\nette-websocket\app\services/templates/error.phtml): failed to open stream: No such file or directory in H:\inetpub\nette-websocket\app\services\WsApplication.php:172  @  cli: app/ws.php
[2012-07-04 21-44-26] Fatal error: require(): Failed opening required 'H:\inetpub\nette-websocket\app\services/templates/error.phtml' (include_path='.;C:\php\pear') in H:\inetpub\nette-websocket\app\services\WsApplication.php:172  @  cli: app/ws.php  @@  exception-2012-07-04-21-41-15-37b84bac5377a7353c2615026f68a52c.html
[2012-07-04 21-45-12] PHP Strict standards: Declaration of Nette\Application\WsApplication::run() should be compatible with Nette\Application\Application::run() in H:\inetpub\nette-websocket\app\services\WsApplication.php:11  @  cli: app/ws.php
[2012-07-04 21-45-15] Nette\InvalidStateException: Cannot send header after HTTP headers have been sent (output started at H:\inetpub\nette-websocket\vendor\nette\nette\Nette\Application\Responses\JsonResponse.php:80). in H:\inetpub\nette-websocket\vendor\nette\nette\Nette\Http\Response.php:104  @  cli: app/ws.php  @@  exception-2012-07-04-21-45-15-c65cb82ad3c69d2c7889f813659ff221.html
[2012-07-04 21-45-15] PHP Warning: require(H:\inetpub\nette-websocket\app\services/templates/error.phtml): failed to open stream: No such file or directory in H:\inetpub\nette-websocket\app\services\WsApplication.php:172  @  cli: app/ws.php
[2012-07-04 21-45-15] Fatal error: require(): Failed opening required 'H:\inetpub\nette-websocket\app\services/templates/error.phtml' (include_path='.;C:\php\pear') in H:\inetpub\nette-websocket\app\services\WsApplication.php:172  @  cli: app/ws.php  @@  exception-2012-07-04-21-41-15-37b84bac5377a7353c2615026f68a52c.html
[2012-07-04 21-46-06] PHP Strict standards: Declaration of Nette\Application\WsApplication::run() should be compatible with Nette\Application\Application::run() in H:\inetpub\nette-websocket\app\services\WsApplication.php:11  @  cli: app/ws.php
[2012-07-04 21-53-59] PHP Strict standards: Declaration of Nette\Application\WsApplication::run() should be compatible with Nette\Application\Application::run() in H:\inetpub\nette-websocket\app\services\WsApplication.php:11  @  cli: app/ws.php
[2012-07-04 21-53-59] Nette\InvalidStateException: Cannot send header after HTTP headers have been sent (output started at H:\inetpub\nette-websocket\app\services\Controller.php:50). in H:\inetpub\nette-websocket\vendor\nette\nette\Nette\Http\Response.php:104  @  cli: app/ws.php  @@  exception-2012-07-04-21-53-59-f08822329ae0ff25c042120891844170.html
[2012-07-04 21-53-59] PHP Warning: require(H:\inetpub\nette-websocket\app\services/templates/error.phtml): failed to open stream: No such file or directory in H:\inetpub\nette-websocket\app\services\WsApplication.php:172  @  cli: app/ws.php
[2012-07-04 21-53-59] Fatal error: require(): Failed opening required 'H:\inetpub\nette-websocket\app\services/templates/error.phtml' (include_path='.;C:\php\pear') in H:\inetpub\nette-websocket\app\services\WsApplication.php:172  @  cli: app/ws.php  @@  exception-2012-07-04-21-41-15-37b84bac5377a7353c2615026f68a52c.html
[2012-07-04 21-59-53] PHP Strict standards: Declaration of Nette\Application\WsApplication::run() should be compatible with Nette\Application\Application::run() in H:\inetpub\nette-websocket\app\services\WsApplication.php:11  @  cli: app/ws.php
